Active-HDL 13.0.375.8320 2025-07-02 05:44:27

Elaboration top modules:
Architecture                  sim(ALU_tb)


-------------------------------------------------------------------------------------------------------------
Entity   | Architecture | Library                   | Info | Compiler Version          | Compilation Options
-------------------------------------------------------------------------------------------------------------
ALU_tb   | sim          | ALU_Computer_Architecture |      | 13.0.375.8320 (Windows64) | -O3
ALU      | Behavioral   | ALU_Computer_Architecture |      | 13.0.375.8320 (Windows64) | -O3
-------------------------------------------------------------------------------------------------------------

-------------------------------------------------------------------------------------------------------------
VHDL Package            | Library                   | Info | Compiler Version          | Compilation Options
-------------------------------------------------------------------------------------------------------------
standard                | std                       |      |                           | <unavailable>
TEXTIO                  | std                       |      | 13.0.375.8320 (Windows64) |  -2019
std_logic_1164          | ieee                      |      | 13.0.375.8320 (Windows64) |  -2008
NUMERIC_STD             | ieee                      |      | 13.0.375.8320 (Windows64) |  -2008
-------------------------------------------------------------------------------------------------------------

---------------------------------------------------------------------------------------------------------------
Library                   | Comment
---------------------------------------------------------------------------------------------------------------
ALU_Computer_Architecture | None
ieee                      | Standard IEEE packages library
std                       | Standard VHDL library
---------------------------------------------------------------------------------------------------------------


Simulation Options: asim -O5 +access +r +m+ALU_tb ALU_tb sim

